<?xml version="1.0" encoding="UTF-8"?>
<!-- Generated by org.testng.reporters.JUnitReportReporter -->
<testsuite hostname="USER-PC" failures="5" tests="15" name="testRunner.TestRunner" time="2.513" errors="0" timestamp="2023-05-31T15:14:55 IST" skipped="0">
  <testcase classname="testRunner.TestRunner" name="runScenario" time="0.044"/>
  <system-out/>
  <testcase classname="testRunner.TestRunner" name="runScenario" time="1.203">
    <failure message="The following asserts failed:
	expected [20] but found [10]" type="java.lang.AssertionError">
      <![CDATA[java.lang.AssertionError: The following asserts failed:
expected [20] but found [10]
at org.testng.asserts.SoftAssert.assertAll(SoftAssert.java:47)
at org.testng.asserts.SoftAssert.assertAll(SoftAssert.java:31)
at stepDefinations.ParamWithExcelSteps.afterEachscenario1(ParamWithExcelSteps.java:32)
]]>
    </failure>
  </testcase> <!-- runScenario -->
  <system-out/>
  <testcase classname="testRunner.TestRunner" name="runScenario" time="0.030"/>
  <system-out/>
  <testcase classname="testRunner.TestRunner" name="runScenario" time="0.110">
    <failure message="The following asserts failed:
	expected [20] but found [10]" type="java.lang.AssertionError">
      <![CDATA[java.lang.AssertionError: The following asserts failed:
expected [20] but found [10]
at org.testng.asserts.SoftAssert.assertAll(SoftAssert.java:47)
at org.testng.asserts.SoftAssert.assertAll(SoftAssert.java:31)
at stepDefinations.ParamWithExcelSteps.afterEachscenario1(ParamWithExcelSteps.java:32)
]]>
    </failure>
  </testcase> <!-- runScenario -->
  <system-out/>
  <testcase classname="testRunner.TestRunner" name="runScenario" time="0.091">
    <failure message="The following asserts failed:
	expected [20] but found [10]" type="java.lang.AssertionError">
      <![CDATA[java.lang.AssertionError: The following asserts failed:
expected [20] but found [10]
at org.testng.asserts.SoftAssert.assertAll(SoftAssert.java:47)
at org.testng.asserts.SoftAssert.assertAll(SoftAssert.java:31)
at stepDefinations.ParamWithExcelSteps.afterEachscenario1(ParamWithExcelSteps.java:32)
]]>
    </failure>
  </testcase> <!-- runScenario -->
  <system-out/>
  <testcase classname="testRunner.TestRunner" name="runScenario" time="0.015"/>
  <system-out/>
  <testcase classname="testRunner.TestRunner" name="runScenario" time="0.020"/>
  <system-out/>
  <testcase classname="testRunner.TestRunner" name="runScenario" time="0.219">
    <failure message="The following asserts failed:
	expected [20] but found [10]" type="java.lang.AssertionError">
      <![CDATA[java.lang.AssertionError: The following asserts failed:
expected [20] but found [10]
at org.testng.asserts.SoftAssert.assertAll(SoftAssert.java:47)
at org.testng.asserts.SoftAssert.assertAll(SoftAssert.java:31)
at stepDefinations.ParamWithExcelSteps.afterEachscenario1(ParamWithExcelSteps.java:32)
]]>
    </failure>
  </testcase> <!-- runScenario -->
  <system-out/>
  <testcase classname="testRunner.TestRunner" name="runScenario" time="0.012"/>
  <system-out/>
  <testcase classname="testRunner.TestRunner" name="runScenario" time="0.015"/>
  <system-out/>
  <testcase classname="testRunner.TestRunner" name="runScenario" time="0.028"/>
  <system-out/>
  <testcase classname="testRunner.TestRunner" name="runScenario" time="0.027"/>
  <system-out/>
  <testcase classname="testRunner.TestRunner" name="runScenario" time="0.084">
    <failure message="The following asserts failed:
	expected [20] but found [10]" type="java.lang.AssertionError">
      <![CDATA[java.lang.AssertionError: The following asserts failed:
expected [20] but found [10]
at org.testng.asserts.SoftAssert.assertAll(SoftAssert.java:47)
at org.testng.asserts.SoftAssert.assertAll(SoftAssert.java:31)
at stepDefinations.ParamWithExcelSteps.afterEachscenario1(ParamWithExcelSteps.java:32)
]]>
    </failure>
  </testcase> <!-- runScenario -->
  <system-out/>
  <testcase classname="testRunner.TestRunner" name="runScenario" time="0.012"/>
  <system-out/>
  <testcase classname="testRunner.TestRunner" name="runScenario" time="0.603"/>
  <system-out/>
</testsuite> <!-- testRunner.TestRunner -->
